<?xml version="1.0" encoding="UTF-8"?>
<testsuite xmlns:xsi="http://www.w3.org/2001/XMLSchema-instance" xsi:noNamespaceSchemaLocation="https://maven.apache.org/surefire/maven-surefire-plugin/xsd/surefire-test-report.xsd" name="com.mxx910.blog.BlogApplicationTests" time="4.857" tests="2" errors="0" skipped="0" failures="0">
  <properties>
    <property name="java.specification.version" value="17"/>
    <property name="sun.cpu.isalist" value="amd64"/>
    <property name="sun.jnu.encoding" value="GBK"/>
    <property name="java.class.path" value="E:\Bot项目归档\Blog\blog\target\test-classes;E:\Bot项目归档\Blog\blog\target\classes;D:\software\maven\apache-maven-3.8.1\repository\org\springframework\boot\spring-boot-starter-web\3.0.5\spring-boot-starter-web-3.0.5.jar;D:\software\maven\apache-maven-3.8.1\repository\org\springframework\boot\spring-boot-starter\3.0.5\spring-boot-starter-3.0.5.jar;D:\software\maven\apache-maven-3.8.1\repository\org\springframework\boot\spring-boot-starter-logging\3.0.5\spring-boot-starter-logging-3.0.5.jar;D:\software\maven\apache-maven-3.8.1\repository\ch\qos\logback\logback-classic\1.4.6\logback-classic-1.4.6.jar;D:\software\maven\apache-maven-3.8.1\repository\ch\qos\logback\logback-core\1.4.6\logback-core-1.4.6.jar;D:\software\maven\apache-maven-3.8.1\repository\org\apache\logging\log4j\log4j-to-slf4j\2.19.0\log4j-to-slf4j-2.19.0.jar;D:\software\maven\apache-maven-3.8.1\repository\org\apache\logging\log4j\log4j-api\2.19.0\log4j-api-2.19.0.jar;D:\software\maven\apache-maven-3.8.1\repository\org\slf4j\jul-to-slf4j\2.0.7\jul-to-slf4j-2.0.7.jar;D:\software\maven\apache-maven-3.8.1\repository\jakarta\annotation\jakarta.annotation-api\2.1.1\jakarta.annotation-api-2.1.1.jar;D:\software\maven\apache-maven-3.8.1\repository\org\yaml\snakeyaml\1.33\snakeyaml-1.33.jar;D:\software\maven\apache-maven-3.8.1\repository\org\springframework\boot\spring-boot-starter-json\3.0.5\spring-boot-starter-json-3.0.5.jar;D:\software\maven\apache-maven-3.8.1\repository\com\fasterxml\jackson\core\jackson-databind\2.14.2\jackson-databind-2.14.2.jar;D:\software\maven\apache-maven-3.8.1\repository\com\fasterxml\jackson\core\jackson-annotations\2.14.2\jackson-annotations-2.14.2.jar;D:\software\maven\apache-maven-3.8.1\repository\com\fasterxml\jackson\core\jackson-core\2.14.2\jackson-core-2.14.2.jar;D:\software\maven\apache-maven-3.8.1\repository\com\fasterxml\jackson\datatype\jackson-datatype-jdk8\2.14.2\jackson-datatype-jdk8-2.14.2.jar;D:\software\maven\apache-maven-3.8.1\repository\com\fasterxml\jackson\datatype\jackson-datatype-jsr310\2.14.2\jackson-datatype-jsr310-2.14.2.jar;D:\software\maven\apache-maven-3.8.1\repository\com\fasterxml\jackson\module\jackson-module-parameter-names\2.14.2\jackson-module-parameter-names-2.14.2.jar;D:\software\maven\apache-maven-3.8.1\repository\org\springframework\boot\spring-boot-starter-tomcat\3.0.5\spring-boot-starter-tomcat-3.0.5.jar;D:\software\maven\apache-maven-3.8.1\repository\org\apache\tomcat\embed\tomcat-embed-core\10.1.7\tomcat-embed-core-10.1.7.jar;D:\software\maven\apache-maven-3.8.1\repository\org\apache\tomcat\embed\tomcat-embed-websocket\10.1.7\tomcat-embed-websocket-10.1.7.jar;D:\software\maven\apache-maven-3.8.1\repository\org\springframework\spring-web\6.0.7\spring-web-6.0.7.jar;D:\software\maven\apache-maven-3.8.1\repository\org\springframework\spring-beans\6.0.7\spring-beans-6.0.7.jar;D:\software\maven\apache-maven-3.8.1\repository\io\micrometer\micrometer-observation\1.10.5\micrometer-observation-1.10.5.jar;D:\software\maven\apache-maven-3.8.1\repository\io\micrometer\micrometer-commons\1.10.5\micrometer-commons-1.10.5.jar;D:\software\maven\apache-maven-3.8.1\repository\org\springframework\spring-webmvc\6.0.7\spring-webmvc-6.0.7.jar;D:\software\maven\apache-maven-3.8.1\repository\org\springframework\spring-context\6.0.7\spring-context-6.0.7.jar;D:\software\maven\apache-maven-3.8.1\repository\org\springframework\spring-expression\6.0.7\spring-expression-6.0.7.jar;D:\software\maven\apache-maven-3.8.1\repository\org\springframework\boot\spring-boot-starter-aop\3.0.5\spring-boot-starter-aop-3.0.5.jar;D:\software\maven\apache-maven-3.8.1\repository\org\springframework\spring-aop\6.0.7\spring-aop-6.0.7.jar;D:\software\maven\apache-maven-3.8.1\repository\org\aspectj\aspectjweaver\1.9.19\aspectjweaver-1.9.19.jar;D:\software\maven\apache-maven-3.8.1\repository\org\springframework\boot\spring-boot-starter-thymeleaf\3.0.5\spring-boot-starter-thymeleaf-3.0.5.jar;D:\software\maven\apache-maven-3.8.1\repository\org\thymeleaf\thymeleaf-spring6\3.1.1.RELEASE\thymeleaf-spring6-3.1.1.RELEASE.jar;D:\software\maven\apache-maven-3.8.1\repository\org\thymeleaf\thymeleaf\3.1.1.RELEASE\thymeleaf-3.1.1.RELEASE.jar;D:\software\maven\apache-maven-3.8.1\repository\org\attoparser\attoparser\2.0.6.RELEASE\attoparser-2.0.6.RELEASE.jar;D:\software\maven\apache-maven-3.8.1\repository\org\unbescape\unbescape\1.1.6.RELEASE\unbescape-1.1.6.RELEASE.jar;D:\software\maven\apache-maven-3.8.1\repository\org\springframework\boot\spring-boot-starter-mail\3.0.5\spring-boot-starter-mail-3.0.5.jar;D:\software\maven\apache-maven-3.8.1\repository\org\springframework\spring-context-support\6.0.7\spring-context-support-6.0.7.jar;D:\software\maven\apache-maven-3.8.1\repository\org\eclipse\angus\jakarta.mail\1.0.0\jakarta.mail-1.0.0.jar;D:\software\maven\apache-maven-3.8.1\repository\jakarta\activation\jakarta.activation-api\2.1.1\jakarta.activation-api-2.1.1.jar;D:\software\maven\apache-maven-3.8.1\repository\org\eclipse\angus\angus-activation\2.0.0\angus-activation-2.0.0.jar;D:\software\maven\apache-maven-3.8.1\repository\org\springframework\boot\spring-boot-configuration-processor\3.0.5\spring-boot-configuration-processor-3.0.5.jar;D:\software\maven\apache-maven-3.8.1\repository\org\springframework\boot\spring-boot-starter-validation\3.0.5\spring-boot-starter-validation-3.0.5.jar;D:\software\maven\apache-maven-3.8.1\repository\org\apache\tomcat\embed\tomcat-embed-el\10.1.7\tomcat-embed-el-10.1.7.jar;D:\software\maven\apache-maven-3.8.1\repository\org\hibernate\validator\hibernate-validator\8.0.0.Final\hibernate-validator-8.0.0.Final.jar;D:\software\maven\apache-maven-3.8.1\repository\jakarta\validation\jakarta.validation-api\3.0.2\jakarta.validation-api-3.0.2.jar;D:\software\maven\apache-maven-3.8.1\repository\org\jboss\logging\jboss-logging\3.5.0.Final\jboss-logging-3.5.0.Final.jar;D:\software\maven\apache-maven-3.8.1\repository\com\fasterxml\classmate\1.5.1\classmate-1.5.1.jar;D:\software\maven\apache-maven-3.8.1\repository\jakarta\json\jakarta.json-api\2.1.1\jakarta.json-api-2.1.1.jar;D:\software\maven\apache-maven-3.8.1\repository\org\springframework\boot\spring-boot-devtools\3.0.5\spring-boot-devtools-3.0.5.jar;D:\software\maven\apache-maven-3.8.1\repository\org\springframework\boot\spring-boot\3.0.5\spring-boot-3.0.5.jar;D:\software\maven\apache-maven-3.8.1\repository\org\springframework\boot\spring-boot-autoconfigure\3.0.5\spring-boot-autoconfigure-3.0.5.jar;D:\software\maven\apache-maven-3.8.1\repository\org\springframework\boot\spring-boot-starter-test\3.0.5\spring-boot-starter-test-3.0.5.jar;D:\software\maven\apache-maven-3.8.1\repository\org\springframework\boot\spring-boot-test\3.0.5\spring-boot-test-3.0.5.jar;D:\software\maven\apache-maven-3.8.1\repository\org\springframework\boot\spring-boot-test-autoconfigure\3.0.5\spring-boot-test-autoconfigure-3.0.5.jar;D:\software\maven\apache-maven-3.8.1\repository\com\jayway\jsonpath\json-path\2.7.0\json-path-2.7.0.jar;D:\software\maven\apache-maven-3.8.1\repository\net\minidev\json-smart\2.4.10\json-smart-2.4.10.jar;D:\software\maven\apache-maven-3.8.1\repository\net\minidev\accessors-smart\2.4.9\accessors-smart-2.4.9.jar;D:\software\maven\apache-maven-3.8.1\repository\org\ow2\asm\asm\9.3\asm-9.3.jar;D:\software\maven\apache-maven-3.8.1\repository\jakarta\xml\bind\jakarta.xml.bind-api\4.0.0\jakarta.xml.bind-api-4.0.0.jar;D:\software\maven\apache-maven-3.8.1\repository\org\assertj\assertj-core\3.23.1\assertj-core-3.23.1.jar;D:\software\maven\apache-maven-3.8.1\repository\net\bytebuddy\byte-buddy\1.12.23\byte-buddy-1.12.23.jar;D:\software\maven\apache-maven-3.8.1\repository\org\hamcrest\hamcrest\2.2\hamcrest-2.2.jar;D:\software\maven\apache-maven-3.8.1\repository\org\junit\jupiter\junit-jupiter\5.9.2\junit-jupiter-5.9.2.jar;D:\software\maven\apache-maven-3.8.1\repository\org\junit\jupiter\junit-jupiter-api\5.9.2\junit-jupiter-api-5.9.2.jar;D:\software\maven\apache-maven-3.8.1\repository\org\opentest4j\opentest4j\1.2.0\opentest4j-1.2.0.jar;D:\software\maven\apache-maven-3.8.1\repository\org\junit\platform\junit-platform-commons\1.9.2\junit-platform-commons-1.9.2.jar;D:\software\maven\apache-maven-3.8.1\repository\org\junit\jupiter\junit-jupiter-params\5.9.2\junit-jupiter-params-5.9.2.jar;D:\software\maven\apache-maven-3.8.1\repository\org\junit\jupiter\junit-jupiter-engine\5.9.2\junit-jupiter-engine-5.9.2.jar;D:\software\maven\apache-maven-3.8.1\repository\org\junit\platform\junit-platform-engine\1.9.2\junit-platform-engine-1.9.2.jar;D:\software\maven\apache-maven-3.8.1\repository\org\mockito\mockito-core\4.8.1\mockito-core-4.8.1.jar;D:\software\maven\apache-maven-3.8.1\repository\net\bytebuddy\byte-buddy-agent\1.12.23\byte-buddy-agent-1.12.23.jar;D:\software\maven\apache-maven-3.8.1\repository\org\objenesis\objenesis\3.2\objenesis-3.2.jar;D:\software\maven\apache-maven-3.8.1\repository\org\mockito\mockito-junit-jupiter\4.8.1\mockito-junit-jupiter-4.8.1.jar;D:\software\maven\apache-maven-3.8.1\repository\org\skyscreamer\jsonassert\1.5.1\jsonassert-1.5.1.jar;D:\software\maven\apache-maven-3.8.1\repository\com\vaadin\external\google\android-json\0.0.20131108.vaadin1\android-json-0.0.20131108.vaadin1.jar;D:\software\maven\apache-maven-3.8.1\repository\org\springframework\spring-core\6.0.7\spring-core-6.0.7.jar;D:\software\maven\apache-maven-3.8.1\repository\org\springframework\spring-jcl\6.0.7\spring-jcl-6.0.7.jar;D:\software\maven\apache-maven-3.8.1\repository\org\springframework\spring-test\6.0.7\spring-test-6.0.7.jar;D:\software\maven\apache-maven-3.8.1\repository\org\xmlunit\xmlunit-core\2.9.1\xmlunit-core-2.9.1.jar;D:\software\maven\apache-maven-3.8.1\repository\org\springframework\boot\spring-boot-starter-amqp\3.0.5\spring-boot-starter-amqp-3.0.5.jar;D:\software\maven\apache-maven-3.8.1\repository\org\springframework\spring-messaging\6.0.7\spring-messaging-6.0.7.jar;D:\software\maven\apache-maven-3.8.1\repository\org\springframework\amqp\spring-rabbit\3.0.3\spring-rabbit-3.0.3.jar;D:\software\maven\apache-maven-3.8.1\repository\org\springframework\amqp\spring-amqp\3.0.3\spring-amqp-3.0.3.jar;D:\software\maven\apache-maven-3.8.1\repository\org\springframework\retry\spring-retry\2.0.1\spring-retry-2.0.1.jar;D:\software\maven\apache-maven-3.8.1\repository\com\rabbitmq\amqp-client\5.16.0\amqp-client-5.16.0.jar;D:\software\maven\apache-maven-3.8.1\repository\org\springframework\boot\spring-boot-starter-quartz\3.0.5\spring-boot-starter-quartz-3.0.5.jar;D:\software\maven\apache-maven-3.8.1\repository\org\springframework\spring-tx\6.0.7\spring-tx-6.0.7.jar;D:\software\maven\apache-maven-3.8.1\repository\org\quartz-scheduler\quartz\2.3.2\quartz-2.3.2.jar;D:\software\maven\apache-maven-3.8.1\repository\com\mchange\mchange-commons-java\0.2.15\mchange-commons-java-0.2.15.jar;D:\software\maven\apache-maven-3.8.1\repository\cn\dev33\sa-token-spring-boot3-starter\1.34.0\sa-token-spring-boot3-starter-1.34.0.jar;D:\software\maven\apache-maven-3.8.1\repository\cn\dev33\sa-token-jakarta-servlet\1.34.0\sa-token-jakarta-servlet-1.34.0.jar;D:\software\maven\apache-maven-3.8.1\repository\jakarta\servlet\jakarta.servlet-api\6.0.0\jakarta.servlet-api-6.0.0.jar;D:\software\maven\apache-maven-3.8.1\repository\cn\dev33\sa-token-spring-boot-autoconfig\1.34.0\sa-token-spring-boot-autoconfig-1.34.0.jar;D:\software\maven\apache-maven-3.8.1\repository\cn\dev33\sa-token-dao-redis-jackson\1.34.0\sa-token-dao-redis-jackson-1.34.0.jar;D:\software\maven\apache-maven-3.8.1\repository\cn\dev33\sa-token-core\1.34.0\sa-token-core-1.34.0.jar;D:\software\maven\apache-maven-3.8.1\repository\org\apache\commons\commons-pool2\2.11.1\commons-pool2-2.11.1.jar;D:\software\maven\apache-maven-3.8.1\repository\mysql\mysql-connector-java\8.0.28\mysql-connector-java-8.0.28.jar;D:\software\maven\apache-maven-3.8.1\repository\com\google\protobuf\protobuf-java\3.11.4\protobuf-java-3.11.4.jar;D:\software\maven\apache-maven-3.8.1\repository\org\springframework\boot\spring-boot-starter-data-redis\3.0.5\spring-boot-starter-data-redis-3.0.5.jar;D:\software\maven\apache-maven-3.8.1\repository\org\springframework\data\spring-data-redis\3.0.4\spring-data-redis-3.0.4.jar;D:\software\maven\apache-maven-3.8.1\repository\org\springframework\data\spring-data-keyvalue\3.0.4\spring-data-keyvalue-3.0.4.jar;D:\software\maven\apache-maven-3.8.1\repository\org\springframework\data\spring-data-commons\3.0.4\spring-data-commons-3.0.4.jar;D:\software\maven\apache-maven-3.8.1\repository\org\springframework\spring-oxm\6.0.7\spring-oxm-6.0.7.jar;D:\software\maven\apache-maven-3.8.1\repository\io\lettuce\lettuce-core\6.2.3.RELEASE\lettuce-core-6.2.3.RELEASE.jar;D:\software\maven\apache-maven-3.8.1\repository\io\netty\netty-common\4.1.90.Final\netty-common-4.1.90.Final.jar;D:\software\maven\apache-maven-3.8.1\repository\io\netty\netty-handler\4.1.90.Final\netty-handler-4.1.90.Final.jar;D:\software\maven\apache-maven-3.8.1\repository\io\netty\netty-resolver\4.1.90.Final\netty-resolver-4.1.90.Final.jar;D:\software\maven\apache-maven-3.8.1\repository\io\netty\netty-buffer\4.1.90.Final\netty-buffer-4.1.90.Final.jar;D:\software\maven\apache-maven-3.8.1\repository\io\netty\netty-transport-native-unix-common\4.1.90.Final\netty-transport-native-unix-common-4.1.90.Final.jar;D:\software\maven\apache-maven-3.8.1\repository\io\netty\netty-codec\4.1.90.Final\netty-codec-4.1.90.Final.jar;D:\software\maven\apache-maven-3.8.1\repository\io\netty\netty-transport\4.1.90.Final\netty-transport-4.1.90.Final.jar;D:\software\maven\apache-maven-3.8.1\repository\io\projectreactor\reactor-core\3.5.4\reactor-core-3.5.4.jar;D:\software\maven\apache-maven-3.8.1\repository\org\reactivestreams\reactive-streams\1.0.4\reactive-streams-1.0.4.jar;D:\software\maven\apache-maven-3.8.1\repository\org\projectlombok\lombok\1.18.26\lombok-1.18.26.jar;D:\software\maven\apache-maven-3.8.1\repository\com\alibaba\druid-spring-boot-starter\1.2.17\druid-spring-boot-starter-1.2.17.jar;D:\software\maven\apache-maven-3.8.1\repository\com\alibaba\druid\1.2.17\druid-1.2.17.jar;D:\software\maven\apache-maven-3.8.1\repository\org\slf4j\slf4j-api\2.0.7\slf4j-api-2.0.7.jar;D:\software\maven\apache-maven-3.8.1\repository\com\baomidou\mybatis-plus-boot-starter\3.5.3.1\mybatis-plus-boot-starter-3.5.3.1.jar;D:\software\maven\apache-maven-3.8.1\repository\com\baomidou\mybatis-plus\3.5.3.1\mybatis-plus-3.5.3.1.jar;D:\software\maven\apache-maven-3.8.1\repository\com\baomidou\mybatis-plus-extension\3.5.3.1\mybatis-plus-extension-3.5.3.1.jar;D:\software\maven\apache-maven-3.8.1\repository\com\baomidou\mybatis-plus-core\3.5.3.1\mybatis-plus-core-3.5.3.1.jar;D:\software\maven\apache-maven-3.8.1\repository\com\baomidou\mybatis-plus-annotation\3.5.3.1\mybatis-plus-annotation-3.5.3.1.jar;D:\software\maven\apache-maven-3.8.1\repository\com\github\jsqlparser\jsqlparser\4.4\jsqlparser-4.4.jar;D:\software\maven\apache-maven-3.8.1\repository\org\mybatis\mybatis\3.5.10\mybatis-3.5.10.jar;D:\software\maven\apache-maven-3.8.1\repository\org\mybatis\mybatis-spring\2.0.7\mybatis-spring-2.0.7.jar;D:\software\maven\apache-maven-3.8.1\repository\org\springframework\boot\spring-boot-starter-jdbc\3.0.5\spring-boot-starter-jdbc-3.0.5.jar;D:\software\maven\apache-maven-3.8.1\repository\com\zaxxer\HikariCP\5.0.1\HikariCP-5.0.1.jar;D:\software\maven\apache-maven-3.8.1\repository\org\springframework\spring-jdbc\6.0.7\spring-jdbc-6.0.7.jar;D:\software\maven\apache-maven-3.8.1\repository\com\github\xiaoymin\knife4j-spring-boot-starter\3.0.3\knife4j-spring-boot-starter-3.0.3.jar;D:\software\maven\apache-maven-3.8.1\repository\com\github\xiaoymin\knife4j-spring-boot-autoconfigure\3.0.3\knife4j-spring-boot-autoconfigure-3.0.3.jar;D:\software\maven\apache-maven-3.8.1\repository\com\github\xiaoymin\knife4j-spring\3.0.3\knife4j-spring-3.0.3.jar;D:\software\maven\apache-maven-3.8.1\repository\com\github\xiaoymin\knife4j-annotations\3.0.3\knife4j-annotations-3.0.3.jar;D:\software\maven\apache-maven-3.8.1\repository\io\swagger\swagger-annotations\1.5.22\swagger-annotations-1.5.22.jar;D:\software\maven\apache-maven-3.8.1\repository\io\swagger\core\v3\swagger-annotations\2.1.2\swagger-annotations-2.1.2.jar;D:\software\maven\apache-maven-3.8.1\repository\com\github\xiaoymin\knife4j-core\3.0.3\knife4j-core-3.0.3.jar;D:\software\maven\apache-maven-3.8.1\repository\org\javassist\javassist\3.25.0-GA\javassist-3.25.0-GA.jar;D:\software\maven\apache-maven-3.8.1\repository\io\springfox\springfox-swagger2\3.0.0\springfox-swagger2-3.0.0.jar;D:\software\maven\apache-maven-3.8.1\repository\io\springfox\springfox-spi\3.0.0\springfox-spi-3.0.0.jar;D:\software\maven\apache-maven-3.8.1\repository\io\springfox\springfox-schema\3.0.0\springfox-schema-3.0.0.jar;D:\software\maven\apache-maven-3.8.1\repository\io\springfox\springfox-swagger-common\3.0.0\springfox-swagger-common-3.0.0.jar;D:\software\maven\apache-maven-3.8.1\repository\io\springfox\springfox-spring-web\3.0.0\springfox-spring-web-3.0.0.jar;D:\software\maven\apache-maven-3.8.1\repository\io\github\classgraph\classgraph\4.8.83\classgraph-4.8.83.jar;D:\software\maven\apache-maven-3.8.1\repository\io\springfox\springfox-spring-webflux\3.0.0\springfox-spring-webflux-3.0.0.jar;D:\software\maven\apache-maven-3.8.1\repository\org\mapstruct\mapstruct\1.3.1.Final\mapstruct-1.3.1.Final.jar;D:\software\maven\apache-maven-3.8.1\repository\io\springfox\springfox-spring-webmvc\3.0.0\springfox-spring-webmvc-3.0.0.jar;D:\software\maven\apache-maven-3.8.1\repository\io\springfox\springfox-core\3.0.0\springfox-core-3.0.0.jar;D:\software\maven\apache-maven-3.8.1\repository\io\springfox\springfox-oas\3.0.0\springfox-oas-3.0.0.jar;D:\software\maven\apache-maven-3.8.1\repository\io\swagger\core\v3\swagger-models\2.1.2\swagger-models-2.1.2.jar;D:\software\maven\apache-maven-3.8.1\repository\io\springfox\springfox-bean-validators\3.0.0\springfox-bean-validators-3.0.0.jar;D:\software\maven\apache-maven-3.8.1\repository\io\swagger\swagger-models\1.5.22\swagger-models-1.5.22.jar;D:\software\maven\apache-maven-3.8.1\repository\io\swagger\swagger-core\1.5.22\swagger-core-1.5.22.jar;D:\software\maven\apache-maven-3.8.1\repository\com\fasterxml\jackson\dataformat\jackson-dataformat-yaml\2.14.2\jackson-dataformat-yaml-2.14.2.jar;D:\software\maven\apache-maven-3.8.1\repository\com\google\guava\guava\27.0.1-android\guava-27.0.1-android.jar;D:\software\maven\apache-maven-3.8.1\repository\com\google\guava\failureaccess\1.0.1\failureaccess-1.0.1.jar;D:\software\maven\apache-maven-3.8.1\repository\com\google\guava\listenablefuture\9999.0-empty-to-avoid-conflict-with-guava\listenablefuture-9999.0-empty-to-avoid-conflict-with-guava.jar;D:\software\maven\apache-maven-3.8.1\repository\org\checkerframework\checker-compat-qual\2.5.2\checker-compat-qual-2.5.2.jar;D:\software\maven\apache-maven-3.8.1\repository\com\google\j2objc\j2objc-annotations\1.1\j2objc-annotations-1.1.jar;D:\software\maven\apache-maven-3.8.1\repository\org\codehaus\mojo\animal-sniffer-annotations\1.17\animal-sniffer-annotations-1.17.jar;D:\software\maven\apache-maven-3.8.1\repository\javax\validation\validation-api\1.1.0.Final\validation-api-1.1.0.Final.jar;D:\software\maven\apache-maven-3.8.1\repository\io\springfox\springfox-boot-starter\3.0.0\springfox-boot-starter-3.0.0.jar;D:\software\maven\apache-maven-3.8.1\repository\io\springfox\springfox-data-rest\3.0.0\springfox-data-rest-3.0.0.jar;D:\software\maven\apache-maven-3.8.1\repository\org\springframework\plugin\spring-plugin-core\2.0.0.RELEASE\spring-plugin-core-2.0.0.RELEASE.jar;D:\software\maven\apache-maven-3.8.1\repository\org\springframework\plugin\spring-plugin-metadata\2.0.0.RELEASE\spring-plugin-metadata-2.0.0.RELEASE.jar;D:\software\maven\apache-maven-3.8.1\repository\com\github\xiaoymin\knife4j-spring-ui\3.0.3\knife4j-spring-ui-3.0.3.jar;D:\software\maven\apache-maven-3.8.1\repository\com\alibaba\fastjson2\fastjson2-extension-spring6\2.0.28\fastjson2-extension-spring6-2.0.28.jar;D:\software\maven\apache-maven-3.8.1\repository\com\alibaba\fastjson2\fastjson2-extension\2.0.28\fastjson2-extension-2.0.28.jar;D:\software\maven\apache-maven-3.8.1\repository\com\alibaba\fastjson2\fastjson2\2.0.28\fastjson2-2.0.28.jar;D:\software\maven\apache-maven-3.8.1\repository\org\lionsoul\ip2region\2.7.0\ip2region-2.7.0.jar;D:\software\maven\apache-maven-3.8.1\repository\com\github\houbb\sensitive-word\0.2.0\sensitive-word-0.2.0.jar;D:\software\maven\apache-maven-3.8.1\repository\com\github\houbb\heaven\0.1.154\heaven-0.1.154.jar;D:\software\maven\apache-maven-3.8.1\repository\org\apiguardian\apiguardian-api\1.0.0\apiguardian-api-1.0.0.jar;D:\software\maven\apache-maven-3.8.1\repository\com\github\houbb\opencc4j\1.7.2\opencc4j-1.7.2.jar;D:\software\maven\apache-maven-3.8.1\repository\com\github\houbb\nlp-common\0.0.4\nlp-common-0.0.4.jar;D:\software\maven\apache-maven-3.8.1\repository\nl\basjes\parse\useragent\yauaa\7.3.0\yauaa-7.3.0.jar;D:\software\maven\apache-maven-3.8.1\repository\org\apache\httpcomponents\client5\httpclient5\5.1.4\httpclient5-5.1.4.jar;D:\software\maven\apache-maven-3.8.1\repository\org\apache\httpcomponents\core5\httpcore5\5.1.5\httpcore5-5.1.5.jar;D:\software\maven\apache-maven-3.8.1\repository\org\apache\httpcomponents\core5\httpcore5-h2\5.1.5\httpcore5-h2-5.1.5.jar;D:\software\maven\apache-maven-3.8.1\repository\commons-codec\commons-codec\1.15\commons-codec-1.15.jar;D:\software\maven\apache-maven-3.8.1\repository\org\apache\commons\commons-text\1.9\commons-text-1.9.jar;D:\software\maven\apache-maven-3.8.1\repository\org\apache\commons\commons-lang3\3.12.0\commons-lang3-3.12.0.jar;D:\software\maven\apache-maven-3.8.1\repository\com\github\ben-manes\caffeine\caffeine\3.1.5\caffeine-3.1.5.jar;D:\software\maven\apache-maven-3.8.1\repository\org\checkerframework\checker-qual\3.32.0\checker-qual-3.32.0.jar;D:\software\maven\apache-maven-3.8.1\repository\com\google\errorprone\error_prone_annotations\2.18.0\error_prone_annotations-2.18.0.jar;D:\software\maven\apache-maven-3.8.1\repository\org\apache\commons\commons-collections4\4.4\commons-collections4-4.4.jar;D:\software\maven\apache-maven-3.8.1\repository\nl\basjes\collections\prefixmap\2.0\prefixmap-2.0.jar;D:\software\maven\apache-maven-3.8.1\repository\com\google\code\findbugs\jsr305\3.0.2\jsr305-3.0.2.jar;D:\software\maven\apache-maven-3.8.1\repository\cn\hutool\hutool-all\5.8.10\hutool-all-5.8.10.jar;D:\software\maven\apache-maven-3.8.1\repository\commons-io\commons-io\2.11.0\commons-io-2.11.0.jar;D:\software\maven\apache-maven-3.8.1\repository\junit\junit\4.13.2\junit-4.13.2.jar;D:\software\maven\apache-maven-3.8.1\repository\org\hamcrest\hamcrest-core\2.2\hamcrest-core-2.2.jar;"/>
    <property name="java.vm.vendor" value="Oracle Corporation"/>
    <property name="sun.arch.data.model" value="64"/>
    <property name="user.variant" value=""/>
    <property name="java.vendor.url" value="https://java.oracle.com/"/>
    <property name="user.timezone" value="Asia/Shanghai"/>
    <property name="os.name" value="Windows 11"/>
    <property name="java.vm.specification.version" value="17"/>
    <property name="sun.java.launcher" value="SUN_STANDARD"/>
    <property name="user.country" value="CN"/>
    <property name="sun.boot.library.path" value="C:\Program Files\Java\jdk-17\bin"/>
    <property name="sun.java.command" value="C:\Users\11617\AppData\Local\Temp\surefire10749262751553117361\surefirebooter8897511545056328833.jar C:\Users\11617\AppData\Local\Temp\surefire10749262751553117361 2023-04-22T14-08-35_259-jvmRun1 surefire2854699859499040218tmp surefire_010085079867718389062tmp"/>
    <property name="jdk.debug" value="release"/>
    <property name="surefire.test.class.path" value="E:\Bot项目归档\Blog\blog\target\test-classes;E:\Bot项目归档\Blog\blog\target\classes;D:\software\maven\apache-maven-3.8.1\repository\org\springframework\boot\spring-boot-starter-web\3.0.5\spring-boot-starter-web-3.0.5.jar;D:\software\maven\apache-maven-3.8.1\repository\org\springframework\boot\spring-boot-starter\3.0.5\spring-boot-starter-3.0.5.jar;D:\software\maven\apache-maven-3.8.1\repository\org\springframework\boot\spring-boot-starter-logging\3.0.5\spring-boot-starter-logging-3.0.5.jar;D:\software\maven\apache-maven-3.8.1\repository\ch\qos\logback\logback-classic\1.4.6\logback-classic-1.4.6.jar;D:\software\maven\apache-maven-3.8.1\repository\ch\qos\logback\logback-core\1.4.6\logback-core-1.4.6.jar;D:\software\maven\apache-maven-3.8.1\repository\org\apache\logging\log4j\log4j-to-slf4j\2.19.0\log4j-to-slf4j-2.19.0.jar;D:\software\maven\apache-maven-3.8.1\repository\org\apache\logging\log4j\log4j-api\2.19.0\log4j-api-2.19.0.jar;D:\software\maven\apache-maven-3.8.1\repository\org\slf4j\jul-to-slf4j\2.0.7\jul-to-slf4j-2.0.7.jar;D:\software\maven\apache-maven-3.8.1\repository\jakarta\annotation\jakarta.annotation-api\2.1.1\jakarta.annotation-api-2.1.1.jar;D:\software\maven\apache-maven-3.8.1\repository\org\yaml\snakeyaml\1.33\snakeyaml-1.33.jar;D:\software\maven\apache-maven-3.8.1\repository\org\springframework\boot\spring-boot-starter-json\3.0.5\spring-boot-starter-json-3.0.5.jar;D:\software\maven\apache-maven-3.8.1\repository\com\fasterxml\jackson\core\jackson-databind\2.14.2\jackson-databind-2.14.2.jar;D:\software\maven\apache-maven-3.8.1\repository\com\fasterxml\jackson\core\jackson-annotations\2.14.2\jackson-annotations-2.14.2.jar;D:\software\maven\apache-maven-3.8.1\repository\com\fasterxml\jackson\core\jackson-core\2.14.2\jackson-core-2.14.2.jar;D:\software\maven\apache-maven-3.8.1\repository\com\fasterxml\jackson\datatype\jackson-datatype-jdk8\2.14.2\jackson-datatype-jdk8-2.14.2.jar;D:\software\maven\apache-maven-3.8.1\repository\com\fasterxml\jackson\datatype\jackson-datatype-jsr310\2.14.2\jackson-datatype-jsr310-2.14.2.jar;D:\software\maven\apache-maven-3.8.1\repository\com\fasterxml\jackson\module\jackson-module-parameter-names\2.14.2\jackson-module-parameter-names-2.14.2.jar;D:\software\maven\apache-maven-3.8.1\repository\org\springframework\boot\spring-boot-starter-tomcat\3.0.5\spring-boot-starter-tomcat-3.0.5.jar;D:\software\maven\apache-maven-3.8.1\repository\org\apache\tomcat\embed\tomcat-embed-core\10.1.7\tomcat-embed-core-10.1.7.jar;D:\software\maven\apache-maven-3.8.1\repository\org\apache\tomcat\embed\tomcat-embed-websocket\10.1.7\tomcat-embed-websocket-10.1.7.jar;D:\software\maven\apache-maven-3.8.1\repository\org\springframework\spring-web\6.0.7\spring-web-6.0.7.jar;D:\software\maven\apache-maven-3.8.1\repository\org\springframework\spring-beans\6.0.7\spring-beans-6.0.7.jar;D:\software\maven\apache-maven-3.8.1\repository\io\micrometer\micrometer-observation\1.10.5\micrometer-observation-1.10.5.jar;D:\software\maven\apache-maven-3.8.1\repository\io\micrometer\micrometer-commons\1.10.5\micrometer-commons-1.10.5.jar;D:\software\maven\apache-maven-3.8.1\repository\org\springframework\spring-webmvc\6.0.7\spring-webmvc-6.0.7.jar;D:\software\maven\apache-maven-3.8.1\repository\org\springframework\spring-context\6.0.7\spring-context-6.0.7.jar;D:\software\maven\apache-maven-3.8.1\repository\org\springframework\spring-expression\6.0.7\spring-expression-6.0.7.jar;D:\software\maven\apache-maven-3.8.1\repository\org\springframework\boot\spring-boot-starter-aop\3.0.5\spring-boot-starter-aop-3.0.5.jar;D:\software\maven\apache-maven-3.8.1\repository\org\springframework\spring-aop\6.0.7\spring-aop-6.0.7.jar;D:\software\maven\apache-maven-3.8.1\repository\org\aspectj\aspectjweaver\1.9.19\aspectjweaver-1.9.19.jar;D:\software\maven\apache-maven-3.8.1\repository\org\springframework\boot\spring-boot-starter-thymeleaf\3.0.5\spring-boot-starter-thymeleaf-3.0.5.jar;D:\software\maven\apache-maven-3.8.1\repository\org\thymeleaf\thymeleaf-spring6\3.1.1.RELEASE\thymeleaf-spring6-3.1.1.RELEASE.jar;D:\software\maven\apache-maven-3.8.1\repository\org\thymeleaf\thymeleaf\3.1.1.RELEASE\thymeleaf-3.1.1.RELEASE.jar;D:\software\maven\apache-maven-3.8.1\repository\org\attoparser\attoparser\2.0.6.RELEASE\attoparser-2.0.6.RELEASE.jar;D:\software\maven\apache-maven-3.8.1\repository\org\unbescape\unbescape\1.1.6.RELEASE\unbescape-1.1.6.RELEASE.jar;D:\software\maven\apache-maven-3.8.1\repository\org\springframework\boot\spring-boot-starter-mail\3.0.5\spring-boot-starter-mail-3.0.5.jar;D:\software\maven\apache-maven-3.8.1\repository\org\springframework\spring-context-support\6.0.7\spring-context-support-6.0.7.jar;D:\software\maven\apache-maven-3.8.1\repository\org\eclipse\angus\jakarta.mail\1.0.0\jakarta.mail-1.0.0.jar;D:\software\maven\apache-maven-3.8.1\repository\jakarta\activation\jakarta.activation-api\2.1.1\jakarta.activation-api-2.1.1.jar;D:\software\maven\apache-maven-3.8.1\repository\org\eclipse\angus\angus-activation\2.0.0\angus-activation-2.0.0.jar;D:\software\maven\apache-maven-3.8.1\repository\org\springframework\boot\spring-boot-configuration-processor\3.0.5\spring-boot-configuration-processor-3.0.5.jar;D:\software\maven\apache-maven-3.8.1\repository\org\springframework\boot\spring-boot-starter-validation\3.0.5\spring-boot-starter-validation-3.0.5.jar;D:\software\maven\apache-maven-3.8.1\repository\org\apache\tomcat\embed\tomcat-embed-el\10.1.7\tomcat-embed-el-10.1.7.jar;D:\software\maven\apache-maven-3.8.1\repository\org\hibernate\validator\hibernate-validator\8.0.0.Final\hibernate-validator-8.0.0.Final.jar;D:\software\maven\apache-maven-3.8.1\repository\jakarta\validation\jakarta.validation-api\3.0.2\jakarta.validation-api-3.0.2.jar;D:\software\maven\apache-maven-3.8.1\repository\org\jboss\logging\jboss-logging\3.5.0.Final\jboss-logging-3.5.0.Final.jar;D:\software\maven\apache-maven-3.8.1\repository\com\fasterxml\classmate\1.5.1\classmate-1.5.1.jar;D:\software\maven\apache-maven-3.8.1\repository\jakarta\json\jakarta.json-api\2.1.1\jakarta.json-api-2.1.1.jar;D:\software\maven\apache-maven-3.8.1\repository\org\springframework\boot\spring-boot-devtools\3.0.5\spring-boot-devtools-3.0.5.jar;D:\software\maven\apache-maven-3.8.1\repository\org\springframework\boot\spring-boot\3.0.5\spring-boot-3.0.5.jar;D:\software\maven\apache-maven-3.8.1\repository\org\springframework\boot\spring-boot-autoconfigure\3.0.5\spring-boot-autoconfigure-3.0.5.jar;D:\software\maven\apache-maven-3.8.1\repository\org\springframework\boot\spring-boot-starter-test\3.0.5\spring-boot-starter-test-3.0.5.jar;D:\software\maven\apache-maven-3.8.1\repository\org\springframework\boot\spring-boot-test\3.0.5\spring-boot-test-3.0.5.jar;D:\software\maven\apache-maven-3.8.1\repository\org\springframework\boot\spring-boot-test-autoconfigure\3.0.5\spring-boot-test-autoconfigure-3.0.5.jar;D:\software\maven\apache-maven-3.8.1\repository\com\jayway\jsonpath\json-path\2.7.0\json-path-2.7.0.jar;D:\software\maven\apache-maven-3.8.1\repository\net\minidev\json-smart\2.4.10\json-smart-2.4.10.jar;D:\software\maven\apache-maven-3.8.1\repository\net\minidev\accessors-smart\2.4.9\accessors-smart-2.4.9.jar;D:\software\maven\apache-maven-3.8.1\repository\org\ow2\asm\asm\9.3\asm-9.3.jar;D:\software\maven\apache-maven-3.8.1\repository\jakarta\xml\bind\jakarta.xml.bind-api\4.0.0\jakarta.xml.bind-api-4.0.0.jar;D:\software\maven\apache-maven-3.8.1\repository\org\assertj\assertj-core\3.23.1\assertj-core-3.23.1.jar;D:\software\maven\apache-maven-3.8.1\repository\net\bytebuddy\byte-buddy\1.12.23\byte-buddy-1.12.23.jar;D:\software\maven\apache-maven-3.8.1\repository\org\hamcrest\hamcrest\2.2\hamcrest-2.2.jar;D:\software\maven\apache-maven-3.8.1\repository\org\junit\jupiter\junit-jupiter\5.9.2\junit-jupiter-5.9.2.jar;D:\software\maven\apache-maven-3.8.1\repository\org\junit\jupiter\junit-jupiter-api\5.9.2\junit-jupiter-api-5.9.2.jar;D:\software\maven\apache-maven-3.8.1\repository\org\opentest4j\opentest4j\1.2.0\opentest4j-1.2.0.jar;D:\software\maven\apache-maven-3.8.1\repository\org\junit\platform\junit-platform-commons\1.9.2\junit-platform-commons-1.9.2.jar;D:\software\maven\apache-maven-3.8.1\repository\org\junit\jupiter\junit-jupiter-params\5.9.2\junit-jupiter-params-5.9.2.jar;D:\software\maven\apache-maven-3.8.1\repository\org\junit\jupiter\junit-jupiter-engine\5.9.2\junit-jupiter-engine-5.9.2.jar;D:\software\maven\apache-maven-3.8.1\repository\org\junit\platform\junit-platform-engine\1.9.2\junit-platform-engine-1.9.2.jar;D:\software\maven\apache-maven-3.8.1\repository\org\mockito\mockito-core\4.8.1\mockito-core-4.8.1.jar;D:\software\maven\apache-maven-3.8.1\repository\net\bytebuddy\byte-buddy-agent\1.12.23\byte-buddy-agent-1.12.23.jar;D:\software\maven\apache-maven-3.8.1\repository\org\objenesis\objenesis\3.2\objenesis-3.2.jar;D:\software\maven\apache-maven-3.8.1\repository\org\mockito\mockito-junit-jupiter\4.8.1\mockito-junit-jupiter-4.8.1.jar;D:\software\maven\apache-maven-3.8.1\repository\org\skyscreamer\jsonassert\1.5.1\jsonassert-1.5.1.jar;D:\software\maven\apache-maven-3.8.1\repository\com\vaadin\external\google\android-json\0.0.20131108.vaadin1\android-json-0.0.20131108.vaadin1.jar;D:\software\maven\apache-maven-3.8.1\repository\org\springframework\spring-core\6.0.7\spring-core-6.0.7.jar;D:\software\maven\apache-maven-3.8.1\repository\org\springframework\spring-jcl\6.0.7\spring-jcl-6.0.7.jar;D:\software\maven\apache-maven-3.8.1\repository\org\springframework\spring-test\6.0.7\spring-test-6.0.7.jar;D:\software\maven\apache-maven-3.8.1\repository\org\xmlunit\xmlunit-core\2.9.1\xmlunit-core-2.9.1.jar;D:\software\maven\apache-maven-3.8.1\repository\org\springframework\boot\spring-boot-starter-amqp\3.0.5\spring-boot-starter-amqp-3.0.5.jar;D:\software\maven\apache-maven-3.8.1\repository\org\springframework\spring-messaging\6.0.7\spring-messaging-6.0.7.jar;D:\software\maven\apache-maven-3.8.1\repository\org\springframework\amqp\spring-rabbit\3.0.3\spring-rabbit-3.0.3.jar;D:\software\maven\apache-maven-3.8.1\repository\org\springframework\amqp\spring-amqp\3.0.3\spring-amqp-3.0.3.jar;D:\software\maven\apache-maven-3.8.1\repository\org\springframework\retry\spring-retry\2.0.1\spring-retry-2.0.1.jar;D:\software\maven\apache-maven-3.8.1\repository\com\rabbitmq\amqp-client\5.16.0\amqp-client-5.16.0.jar;D:\software\maven\apache-maven-3.8.1\repository\org\springframework\boot\spring-boot-starter-quartz\3.0.5\spring-boot-starter-quartz-3.0.5.jar;D:\software\maven\apache-maven-3.8.1\repository\org\springframework\spring-tx\6.0.7\spring-tx-6.0.7.jar;D:\software\maven\apache-maven-3.8.1\repository\org\quartz-scheduler\quartz\2.3.2\quartz-2.3.2.jar;D:\software\maven\apache-maven-3.8.1\repository\com\mchange\mchange-commons-java\0.2.15\mchange-commons-java-0.2.15.jar;D:\software\maven\apache-maven-3.8.1\repository\cn\dev33\sa-token-spring-boot3-starter\1.34.0\sa-token-spring-boot3-starter-1.34.0.jar;D:\software\maven\apache-maven-3.8.1\repository\cn\dev33\sa-token-jakarta-servlet\1.34.0\sa-token-jakarta-servlet-1.34.0.jar;D:\software\maven\apache-maven-3.8.1\repository\jakarta\servlet\jakarta.servlet-api\6.0.0\jakarta.servlet-api-6.0.0.jar;D:\software\maven\apache-maven-3.8.1\repository\cn\dev33\sa-token-spring-boot-autoconfig\1.34.0\sa-token-spring-boot-autoconfig-1.34.0.jar;D:\software\maven\apache-maven-3.8.1\repository\cn\dev33\sa-token-dao-redis-jackson\1.34.0\sa-token-dao-redis-jackson-1.34.0.jar;D:\software\maven\apache-maven-3.8.1\repository\cn\dev33\sa-token-core\1.34.0\sa-token-core-1.34.0.jar;D:\software\maven\apache-maven-3.8.1\repository\org\apache\commons\commons-pool2\2.11.1\commons-pool2-2.11.1.jar;D:\software\maven\apache-maven-3.8.1\repository\mysql\mysql-connector-java\8.0.28\mysql-connector-java-8.0.28.jar;D:\software\maven\apache-maven-3.8.1\repository\com\google\protobuf\protobuf-java\3.11.4\protobuf-java-3.11.4.jar;D:\software\maven\apache-maven-3.8.1\repository\org\springframework\boot\spring-boot-starter-data-redis\3.0.5\spring-boot-starter-data-redis-3.0.5.jar;D:\software\maven\apache-maven-3.8.1\repository\org\springframework\data\spring-data-redis\3.0.4\spring-data-redis-3.0.4.jar;D:\software\maven\apache-maven-3.8.1\repository\org\springframework\data\spring-data-keyvalue\3.0.4\spring-data-keyvalue-3.0.4.jar;D:\software\maven\apache-maven-3.8.1\repository\org\springframework\data\spring-data-commons\3.0.4\spring-data-commons-3.0.4.jar;D:\software\maven\apache-maven-3.8.1\repository\org\springframework\spring-oxm\6.0.7\spring-oxm-6.0.7.jar;D:\software\maven\apache-maven-3.8.1\repository\io\lettuce\lettuce-core\6.2.3.RELEASE\lettuce-core-6.2.3.RELEASE.jar;D:\software\maven\apache-maven-3.8.1\repository\io\netty\netty-common\4.1.90.Final\netty-common-4.1.90.Final.jar;D:\software\maven\apache-maven-3.8.1\repository\io\netty\netty-handler\4.1.90.Final\netty-handler-4.1.90.Final.jar;D:\software\maven\apache-maven-3.8.1\repository\io\netty\netty-resolver\4.1.90.Final\netty-resolver-4.1.90.Final.jar;D:\software\maven\apache-maven-3.8.1\repository\io\netty\netty-buffer\4.1.90.Final\netty-buffer-4.1.90.Final.jar;D:\software\maven\apache-maven-3.8.1\repository\io\netty\netty-transport-native-unix-common\4.1.90.Final\netty-transport-native-unix-common-4.1.90.Final.jar;D:\software\maven\apache-maven-3.8.1\repository\io\netty\netty-codec\4.1.90.Final\netty-codec-4.1.90.Final.jar;D:\software\maven\apache-maven-3.8.1\repository\io\netty\netty-transport\4.1.90.Final\netty-transport-4.1.90.Final.jar;D:\software\maven\apache-maven-3.8.1\repository\io\projectreactor\reactor-core\3.5.4\reactor-core-3.5.4.jar;D:\software\maven\apache-maven-3.8.1\repository\org\reactivestreams\reactive-streams\1.0.4\reactive-streams-1.0.4.jar;D:\software\maven\apache-maven-3.8.1\repository\org\projectlombok\lombok\1.18.26\lombok-1.18.26.jar;D:\software\maven\apache-maven-3.8.1\repository\com\alibaba\druid-spring-boot-starter\1.2.17\druid-spring-boot-starter-1.2.17.jar;D:\software\maven\apache-maven-3.8.1\repository\com\alibaba\druid\1.2.17\druid-1.2.17.jar;D:\software\maven\apache-maven-3.8.1\repository\org\slf4j\slf4j-api\2.0.7\slf4j-api-2.0.7.jar;D:\software\maven\apache-maven-3.8.1\repository\com\baomidou\mybatis-plus-boot-starter\3.5.3.1\mybatis-plus-boot-starter-3.5.3.1.jar;D:\software\maven\apache-maven-3.8.1\repository\com\baomidou\mybatis-plus\3.5.3.1\mybatis-plus-3.5.3.1.jar;D:\software\maven\apache-maven-3.8.1\repository\com\baomidou\mybatis-plus-extension\3.5.3.1\mybatis-plus-extension-3.5.3.1.jar;D:\software\maven\apache-maven-3.8.1\repository\com\baomidou\mybatis-plus-core\3.5.3.1\mybatis-plus-core-3.5.3.1.jar;D:\software\maven\apache-maven-3.8.1\repository\com\baomidou\mybatis-plus-annotation\3.5.3.1\mybatis-plus-annotation-3.5.3.1.jar;D:\software\maven\apache-maven-3.8.1\repository\com\github\jsqlparser\jsqlparser\4.4\jsqlparser-4.4.jar;D:\software\maven\apache-maven-3.8.1\repository\org\mybatis\mybatis\3.5.10\mybatis-3.5.10.jar;D:\software\maven\apache-maven-3.8.1\repository\org\mybatis\mybatis-spring\2.0.7\mybatis-spring-2.0.7.jar;D:\software\maven\apache-maven-3.8.1\repository\org\springframework\boot\spring-boot-starter-jdbc\3.0.5\spring-boot-starter-jdbc-3.0.5.jar;D:\software\maven\apache-maven-3.8.1\repository\com\zaxxer\HikariCP\5.0.1\HikariCP-5.0.1.jar;D:\software\maven\apache-maven-3.8.1\repository\org\springframework\spring-jdbc\6.0.7\spring-jdbc-6.0.7.jar;D:\software\maven\apache-maven-3.8.1\repository\com\github\xiaoymin\knife4j-spring-boot-starter\3.0.3\knife4j-spring-boot-starter-3.0.3.jar;D:\software\maven\apache-maven-3.8.1\repository\com\github\xiaoymin\knife4j-spring-boot-autoconfigure\3.0.3\knife4j-spring-boot-autoconfigure-3.0.3.jar;D:\software\maven\apache-maven-3.8.1\repository\com\github\xiaoymin\knife4j-spring\3.0.3\knife4j-spring-3.0.3.jar;D:\software\maven\apache-maven-3.8.1\repository\com\github\xiaoymin\knife4j-annotations\3.0.3\knife4j-annotations-3.0.3.jar;D:\software\maven\apache-maven-3.8.1\repository\io\swagger\swagger-annotations\1.5.22\swagger-annotations-1.5.22.jar;D:\software\maven\apache-maven-3.8.1\repository\io\swagger\core\v3\swagger-annotations\2.1.2\swagger-annotations-2.1.2.jar;D:\software\maven\apache-maven-3.8.1\repository\com\github\xiaoymin\knife4j-core\3.0.3\knife4j-core-3.0.3.jar;D:\software\maven\apache-maven-3.8.1\repository\org\javassist\javassist\3.25.0-GA\javassist-3.25.0-GA.jar;D:\software\maven\apache-maven-3.8.1\repository\io\springfox\springfox-swagger2\3.0.0\springfox-swagger2-3.0.0.jar;D:\software\maven\apache-maven-3.8.1\repository\io\springfox\springfox-spi\3.0.0\springfox-spi-3.0.0.jar;D:\software\maven\apache-maven-3.8.1\repository\io\springfox\springfox-schema\3.0.0\springfox-schema-3.0.0.jar;D:\software\maven\apache-maven-3.8.1\repository\io\springfox\springfox-swagger-common\3.0.0\springfox-swagger-common-3.0.0.jar;D:\software\maven\apache-maven-3.8.1\repository\io\springfox\springfox-spring-web\3.0.0\springfox-spring-web-3.0.0.jar;D:\software\maven\apache-maven-3.8.1\repository\io\github\classgraph\classgraph\4.8.83\classgraph-4.8.83.jar;D:\software\maven\apache-maven-3.8.1\repository\io\springfox\springfox-spring-webflux\3.0.0\springfox-spring-webflux-3.0.0.jar;D:\software\maven\apache-maven-3.8.1\repository\org\mapstruct\mapstruct\1.3.1.Final\mapstruct-1.3.1.Final.jar;D:\software\maven\apache-maven-3.8.1\repository\io\springfox\springfox-spring-webmvc\3.0.0\springfox-spring-webmvc-3.0.0.jar;D:\software\maven\apache-maven-3.8.1\repository\io\springfox\springfox-core\3.0.0\springfox-core-3.0.0.jar;D:\software\maven\apache-maven-3.8.1\repository\io\springfox\springfox-oas\3.0.0\springfox-oas-3.0.0.jar;D:\software\maven\apache-maven-3.8.1\repository\io\swagger\core\v3\swagger-models\2.1.2\swagger-models-2.1.2.jar;D:\software\maven\apache-maven-3.8.1\repository\io\springfox\springfox-bean-validators\3.0.0\springfox-bean-validators-3.0.0.jar;D:\software\maven\apache-maven-3.8.1\repository\io\swagger\swagger-models\1.5.22\swagger-models-1.5.22.jar;D:\software\maven\apache-maven-3.8.1\repository\io\swagger\swagger-core\1.5.22\swagger-core-1.5.22.jar;D:\software\maven\apache-maven-3.8.1\repository\com\fasterxml\jackson\dataformat\jackson-dataformat-yaml\2.14.2\jackson-dataformat-yaml-2.14.2.jar;D:\software\maven\apache-maven-3.8.1\repository\com\google\guava\guava\27.0.1-android\guava-27.0.1-android.jar;D:\software\maven\apache-maven-3.8.1\repository\com\google\guava\failureaccess\1.0.1\failureaccess-1.0.1.jar;D:\software\maven\apache-maven-3.8.1\repository\com\google\guava\listenablefuture\9999.0-empty-to-avoid-conflict-with-guava\listenablefuture-9999.0-empty-to-avoid-conflict-with-guava.jar;D:\software\maven\apache-maven-3.8.1\repository\org\checkerframework\checker-compat-qual\2.5.2\checker-compat-qual-2.5.2.jar;D:\software\maven\apache-maven-3.8.1\repository\com\google\j2objc\j2objc-annotations\1.1\j2objc-annotations-1.1.jar;D:\software\maven\apache-maven-3.8.1\repository\org\codehaus\mojo\animal-sniffer-annotations\1.17\animal-sniffer-annotations-1.17.jar;D:\software\maven\apache-maven-3.8.1\repository\javax\validation\validation-api\1.1.0.Final\validation-api-1.1.0.Final.jar;D:\software\maven\apache-maven-3.8.1\repository\io\springfox\springfox-boot-starter\3.0.0\springfox-boot-starter-3.0.0.jar;D:\software\maven\apache-maven-3.8.1\repository\io\springfox\springfox-data-rest\3.0.0\springfox-data-rest-3.0.0.jar;D:\software\maven\apache-maven-3.8.1\repository\org\springframework\plugin\spring-plugin-core\2.0.0.RELEASE\spring-plugin-core-2.0.0.RELEASE.jar;D:\software\maven\apache-maven-3.8.1\repository\org\springframework\plugin\spring-plugin-metadata\2.0.0.RELEASE\spring-plugin-metadata-2.0.0.RELEASE.jar;D:\software\maven\apache-maven-3.8.1\repository\com\github\xiaoymin\knife4j-spring-ui\3.0.3\knife4j-spring-ui-3.0.3.jar;D:\software\maven\apache-maven-3.8.1\repository\com\alibaba\fastjson2\fastjson2-extension-spring6\2.0.28\fastjson2-extension-spring6-2.0.28.jar;D:\software\maven\apache-maven-3.8.1\repository\com\alibaba\fastjson2\fastjson2-extension\2.0.28\fastjson2-extension-2.0.28.jar;D:\software\maven\apache-maven-3.8.1\repository\com\alibaba\fastjson2\fastjson2\2.0.28\fastjson2-2.0.28.jar;D:\software\maven\apache-maven-3.8.1\repository\org\lionsoul\ip2region\2.7.0\ip2region-2.7.0.jar;D:\software\maven\apache-maven-3.8.1\repository\com\github\houbb\sensitive-word\0.2.0\sensitive-word-0.2.0.jar;D:\software\maven\apache-maven-3.8.1\repository\com\github\houbb\heaven\0.1.154\heaven-0.1.154.jar;D:\software\maven\apache-maven-3.8.1\repository\org\apiguardian\apiguardian-api\1.0.0\apiguardian-api-1.0.0.jar;D:\software\maven\apache-maven-3.8.1\repository\com\github\houbb\opencc4j\1.7.2\opencc4j-1.7.2.jar;D:\software\maven\apache-maven-3.8.1\repository\com\github\houbb\nlp-common\0.0.4\nlp-common-0.0.4.jar;D:\software\maven\apache-maven-3.8.1\repository\nl\basjes\parse\useragent\yauaa\7.3.0\yauaa-7.3.0.jar;D:\software\maven\apache-maven-3.8.1\repository\org\apache\httpcomponents\client5\httpclient5\5.1.4\httpclient5-5.1.4.jar;D:\software\maven\apache-maven-3.8.1\repository\org\apache\httpcomponents\core5\httpcore5\5.1.5\httpcore5-5.1.5.jar;D:\software\maven\apache-maven-3.8.1\repository\org\apache\httpcomponents\core5\httpcore5-h2\5.1.5\httpcore5-h2-5.1.5.jar;D:\software\maven\apache-maven-3.8.1\repository\commons-codec\commons-codec\1.15\commons-codec-1.15.jar;D:\software\maven\apache-maven-3.8.1\repository\org\apache\commons\commons-text\1.9\commons-text-1.9.jar;D:\software\maven\apache-maven-3.8.1\repository\org\apache\commons\commons-lang3\3.12.0\commons-lang3-3.12.0.jar;D:\software\maven\apache-maven-3.8.1\repository\com\github\ben-manes\caffeine\caffeine\3.1.5\caffeine-3.1.5.jar;D:\software\maven\apache-maven-3.8.1\repository\org\checkerframework\checker-qual\3.32.0\checker-qual-3.32.0.jar;D:\software\maven\apache-maven-3.8.1\repository\com\google\errorprone\error_prone_annotations\2.18.0\error_prone_annotations-2.18.0.jar;D:\software\maven\apache-maven-3.8.1\repository\org\apache\commons\commons-collections4\4.4\commons-collections4-4.4.jar;D:\software\maven\apache-maven-3.8.1\repository\nl\basjes\collections\prefixmap\2.0\prefixmap-2.0.jar;D:\software\maven\apache-maven-3.8.1\repository\com\google\code\findbugs\jsr305\3.0.2\jsr305-3.0.2.jar;D:\software\maven\apache-maven-3.8.1\repository\cn\hutool\hutool-all\5.8.10\hutool-all-5.8.10.jar;D:\software\maven\apache-maven-3.8.1\repository\commons-io\commons-io\2.11.0\commons-io-2.11.0.jar;D:\software\maven\apache-maven-3.8.1\repository\junit\junit\4.13.2\junit-4.13.2.jar;D:\software\maven\apache-maven-3.8.1\repository\org\hamcrest\hamcrest-core\2.2\hamcrest-core-2.2.jar;"/>
    <property name="sun.cpu.endian" value="little"/>
    <property name="user.home" value="C:\Users\11617"/>
    <property name="user.language" value="zh"/>
    <property name="java.specification.vendor" value="Oracle Corporation"/>
    <property name="java.version.date" value="2023-01-17"/>
    <property name="java.home" value="C:\Program Files\Java\jdk-17"/>
    <property name="file.separator" value="\"/>
    <property name="basedir" value="E:\Bot项目归档\Blog\blog"/>
    <property name="java.vm.compressedOopsMode" value="Zero based"/>
    <property name="line.separator" value="&#10;"/>
    <property name="java.vm.specification.vendor" value="Oracle Corporation"/>
    <property name="java.specification.name" value="Java Platform API Specification"/>
    <property name="surefire.real.class.path" value="C:\Users\11617\AppData\Local\Temp\surefire10749262751553117361\surefirebooter8897511545056328833.jar"/>
    <property name="user.script" value=""/>
    <property name="sun.management.compiler" value="HotSpot 64-Bit Tiered Compilers"/>
    <property name="java.runtime.version" value="17.0.6+9-LTS-190"/>
    <property name="user.name" value="mxx910"/>
    <property name="path.separator" value=";"/>
    <property name="os.version" value="10.0"/>
    <property name="java.runtime.name" value="Java(TM) SE Runtime Environment"/>
    <property name="file.encoding" value="GBK"/>
    <property name="java.vm.name" value="Java HotSpot(TM) 64-Bit Server VM"/>
    <property name="localRepository" value="D:\software\maven\apache-maven-3.8.1\repository"/>
    <property name="java.vendor.url.bug" value="https://bugreport.java.com/bugreport/"/>
    <property name="java.io.tmpdir" value="C:\Users\11617\AppData\Local\Temp\"/>
    <property name="idea.version" value="2023.1"/>
    <property name="java.version" value="17.0.6"/>
    <property name="user.dir" value="E:\Bot项目归档\Blog\blog"/>
    <property name="os.arch" value="amd64"/>
    <property name="java.vm.specification.name" value="Java Virtual Machine Specification"/>
    <property name="sun.os.patch.level" value=""/>
    <property name="native.encoding" value="GBK"/>
    <property name="java.library.path" value="C:\Program Files\Java\jdk-17\bin;C:\WINDOWS\Sun\Java\bin;C:\WINDOWS\system32;C:\WINDOWS;C:\Program Files\Common Files\Oracle\Java\javapath;E:\vm\bin\;C:\Program Files\NVIDIA GPU Computing Toolkit\CUDA\v11.7\bin;C:\Program Files\NVIDIA GPU Computing Toolkit\CUDA\v11.7\libnvvp;C:\Program Files\NVIDIA GPU Computing Toolkit\CUDA\v10.1\lib\x64;C:\Program Files\NVIDIA GPU Computing Toolkit\CUDA\v11.5\bin;C:\Program Files\NVIDIA GPU Computing Toolkit\CUDA\v11.5\libnvvp;C:\Program Files (x86)\Common Files\Oracle\Java\javapath;C:\Windows\system32;C:\Windows;C:\Windows\System32\Wbem;C:\Windows\System32\WindowsPowerShell\v1.0\;C:\Windows\System32\OpenSSH\;C:\Program Files (x86)\NVIDIA Corporation\PhysX\Common;C:\Program Files\NVIDIA Corporation\NVIDIA NvDLISR;D:\software\Java\jdk1.8.0_301\bin;D:\software\Java\jdk1.8.0_301\jre\bin;D:\software\maven\apache-maven-3.8.1\bin;D:\software\mysql\mysql-5.7.26-winx64\bin;D:\software\nodejs\;C:\ProgramData\chocolatey\bin;D:\software\anaconda3;D:\software\anaconda3\Scripts;D:\software\anaconda3\Library\bin;C:\Program Files\Google\Chrome\Application\93.0.4577.63;d:\software\Git\cmd;D:\software\redis\;D:\software\Xshell 7\;C:\WINDOWS\system32;C:\WINDOWS;C:\WINDOWS\System32\Wbem;C:\WINDOWS\System32\WindowsPowerShell\v1.0\;C:\WINDOWS\System32\OpenSSH\;D:\software\xftp\;C:\Program Files\Pandoc\;D:\FFmpeg;C:\Program Files\NVIDIA Corporation\Nsight Compute 2022.2.1\;D:\software\Erlang OTP\bin;D:\software\anaconda3;D:\software\anaconda3\Library\mingw-w64\bin;D:\software\anaconda3\Library\usr\bin;D:\software\anaconda3\Library\bin;D:\software\anaconda3\Scripts;D:\software\Python36\Scripts\;C:\Users\11617\AppData\Local\Microsoft\WindowsApps;d:\software\IntelliJ IDEA 2021.2\bin;;C:\Users\11617\AppData\Roaming\npm;C:\Program Files\Google\Chrome\Application\93.0.4577.63;D:\software\Microsoft VS Code\bin;D:\software\bandzip\;D:\software\CLion 2021.3.3\bin;;D:\software\QQGameTempest\Hall.57938\;C:\Users\11617\AppData\Local\Programs\EmEditor;."/>
    <property name="java.vm.info" value="mixed mode, sharing"/>
    <property name="java.vendor" value="Oracle Corporation"/>
    <property name="java.vm.version" value="17.0.6+9-LTS-190"/>
    <property name="sun.io.unicode.encoding" value="UnicodeLittle"/>
    <property name="java.class.version" value="61.0"/>
  </properties>
  <testcase name="contextLoads" classname="com.mxx910.blog.BlogApplicationTests" time="0.469"/>
  <testcase name="sendCode" classname="com.mxx910.blog.BlogApplicationTests" time="0.004"/>
</testsuite>